<?xml version='1.0' encoding='UTF-8'?>
<testsuite hostname="atl01drose" name="objsets.TweetSetSuite" tests="7" errors="0" failures="7" skipped="0" time="0.162" timestamp="2020-01-23T11:52:20">
                     <properties>
[...]
</properties>
                     <testcase classname="objsets.TweetSetSuite" name="filter: a on set5" time="0.146">
                                                 <failure message="scala.NotImplementedError: an implementation is missing" type="sbt.ForkMain$ForkError">sbt.ForkMain$ForkError: scala.NotImplementedError: an implementation is missing
	at scala.Predef$.$qmark$qmark$qmark(Predef.scala:347)
	at objsets.TweetSet.filter(TweetSet.scala:44)
	at objsets.TweetSetSuite$$anon$2.&lt;init&gt;(TweetSetSuite.scala:33)
	at objsets.TweetSetSuite.filter$colon$u0020a$u0020on$u0020set5(TweetSetSuite.scala:32)
	at sun.reflect.NativeMethodAccessorImpl.invoke0(Native Method)
	at sun.reflect.NativeMethodAccessorImpl.invoke(NativeMethodAccessorImpl.java:62)
	at sun.reflect.DelegatingMethodAccessorImpl.invoke(DelegatingMethodAccessorImpl.java:43)
	at java.lang.reflect.Method.invoke(Method.java:498)
	at org.junit.runners.model.FrameworkMethod$1.runReflectiveCall(FrameworkMethod.java:47)
	at org.junit.internal.runners.model.ReflectiveCallable.run(ReflectiveCallable.java:12)
	at org.junit.runners.model.FrameworkMethod.invokeExplosively(FrameworkMethod.java:44)
	at org.junit.internal.runners.statements.InvokeMethod.evaluate(InvokeMethod.java:17)
	at org.junit.internal.runners.statements.FailOnTimeout$StatementThread.run(FailOnTimeout.java:74)
</failure>
                                               </testcase><testcase classname="objsets.TweetSetSuite" name="filter: on empty set" time="0.003">
                                                 <failure message="scala.NotImplementedError: an implementation is missing" type="sbt.ForkMain$ForkError">sbt.ForkMain$ForkError: scala.NotImplementedError: an implementation is missing
	at scala.Predef$.$qmark$qmark$qmark(Predef.scala:347)
	at objsets.TweetSet.filter(TweetSet.scala:44)
	at objsets.TweetSetSuite$$anon$1.&lt;init&gt;(TweetSetSuite.scala:28)
	at objsets.TweetSetSuite.filter$colon$u0020on$u0020empty$u0020set(TweetSetSuite.scala:27)
	at sun.reflect.NativeMethodAccessorImpl.invoke0(Native Method)
	at sun.reflect.NativeMethodAccessorImpl.invoke(NativeMethodAccessorImpl.java:62)
	at sun.reflect.DelegatingMethodAccessorImpl.invoke(DelegatingMethodAccessorImpl.java:43)
	at java.lang.reflect.Method.invoke(Method.java:498)
	at org.junit.runners.model.FrameworkMethod$1.runReflectiveCall(FrameworkMethod.java:47)
	at org.junit.internal.runners.model.ReflectiveCallable.run(ReflectiveCallable.java:12)
	at org.junit.runners.model.FrameworkMethod.invokeExplosively(FrameworkMethod.java:44)
	at org.junit.internal.runners.statements.InvokeMethod.evaluate(InvokeMethod.java:17)
	at org.junit.internal.runners.statements.FailOnTimeout$StatementThread.run(FailOnTimeout.java:74)
</failure>
                                               </testcase><testcase classname="objsets.TweetSetSuite" name="union: set4c and set4d" time="0.002">
                                                 <failure message="scala.NotImplementedError: an implementation is missing" type="sbt.ForkMain$ForkError">sbt.ForkMain$ForkError: scala.NotImplementedError: an implementation is missing
	at scala.Predef$.$qmark$qmark$qmark(Predef.scala:347)
	at objsets.TweetSet.union(TweetSet.scala:57)
	at objsets.TweetSetSuite$$anon$4.&lt;init&gt;(TweetSetSuite.scala:43)
	at objsets.TweetSetSuite.union$colon$u0020set4c$u0020and$u0020set4d(TweetSetSuite.scala:42)
	at sun.reflect.NativeMethodAccessorImpl.invoke0(Native Method)
	at sun.reflect.NativeMethodAccessorImpl.invoke(NativeMethodAccessorImpl.java:62)
	at sun.reflect.DelegatingMethodAccessorImpl.invoke(DelegatingMethodAccessorImpl.java:43)
	at java.lang.reflect.Method.invoke(Method.java:498)
	at org.junit.runners.model.FrameworkMethod$1.runReflectiveCall(FrameworkMethod.java:47)
	at org.junit.internal.runners.model.ReflectiveCallable.run(ReflectiveCallable.java:12)
	at org.junit.runners.model.FrameworkMethod.invokeExplosively(FrameworkMethod.java:44)
	at org.junit.internal.runners.statements.InvokeMethod.evaluate(InvokeMethod.java:17)
	at org.junit.internal.runners.statements.FailOnTimeout$StatementThread.run(FailOnTimeout.java:74)
</failure>
                                               </testcase><testcase classname="objsets.TweetSetSuite" name="descending: set5" time="0.002">
                                                 <failure message="scala.NotImplementedError: an implementation is missing" type="sbt.ForkMain$ForkError">sbt.ForkMain$ForkError: scala.NotImplementedError: an implementation is missing
	at scala.Predef$.$qmark$qmark$qmark(Predef.scala:347)
	at objsets.TweetSet.descendingByRetweet(TweetSet.scala:79)
	at objsets.TweetSetSuite$$anon$7.&lt;init&gt;(TweetSetSuite.scala:58)
	at objsets.TweetSetSuite.descending$colon$u0020set5(TweetSetSuite.scala:57)
	at sun.reflect.NativeMethodAccessorImpl.invoke0(Native Method)
	at sun.reflect.NativeMethodAccessorImpl.invoke(NativeMethodAccessorImpl.java:62)
	at sun.reflect.DelegatingMethodAccessorImpl.invoke(DelegatingMethodAccessorImpl.java:43)
	at java.lang.reflect.Method.invoke(Method.java:498)
	at org.junit.runners.model.FrameworkMethod$1.runReflectiveCall(FrameworkMethod.java:47)
	at org.junit.internal.runners.model.ReflectiveCallable.run(ReflectiveCallable.java:12)
	at org.junit.runners.model.FrameworkMethod.invokeExplosively(FrameworkMethod.java:44)
	at org.junit.internal.runners.statements.InvokeMethod.evaluate(InvokeMethod.java:17)
	at org.junit.internal.runners.statements.FailOnTimeout$StatementThread.run(FailOnTimeout.java:74)
</failure>
                                               </testcase><testcase classname="objsets.TweetSetSuite" name="union: with empty set1" time="0.002">
                                                 <failure message="scala.NotImplementedError: an implementation is missing" type="sbt.ForkMain$ForkError">sbt.ForkMain$ForkError: scala.NotImplementedError: an implementation is missing
	at scala.Predef$.$qmark$qmark$qmark(Predef.scala:347)
	at objsets.TweetSet.union(TweetSet.scala:57)
	at objsets.TweetSetSuite$$anon$5.&lt;init&gt;(TweetSetSuite.scala:48)
	at objsets.TweetSetSuite.union$colon$u0020with$u0020empty$u0020set1(TweetSetSuite.scala:47)
	at sun.reflect.NativeMethodAccessorImpl.invoke0(Native Method)
	at sun.reflect.NativeMethodAccessorImpl.invoke(NativeMethodAccessorImpl.java:62)
	at sun.reflect.DelegatingMethodAccessorImpl.invoke(DelegatingMethodAccessorImpl.java:43)
	at java.lang.reflect.Method.invoke(Method.java:498)
	at org.junit.runners.model.FrameworkMethod$1.runReflectiveCall(FrameworkMethod.java:47)
	at org.junit.internal.runners.model.ReflectiveCallable.run(ReflectiveCallable.java:12)
	at org.junit.runners.model.FrameworkMethod.invokeExplosively(FrameworkMethod.java:44)
	at org.junit.internal.runners.statements.InvokeMethod.evaluate(InvokeMethod.java:17)
	at org.junit.internal.runners.statements.FailOnTimeout$StatementThread.run(FailOnTimeout.java:74)
</failure>
                                               </testcase><testcase classname="objsets.TweetSetSuite" name="union: with empty set2" time="0.002">
                                                 <failure message="scala.NotImplementedError: an implementation is missing" type="sbt.ForkMain$ForkError">sbt.ForkMain$ForkError: scala.NotImplementedError: an implementation is missing
	at scala.Predef$.$qmark$qmark$qmark(Predef.scala:347)
	at objsets.TweetSet.union(TweetSet.scala:57)
	at objsets.TweetSetSuite$$anon$6.&lt;init&gt;(TweetSetSuite.scala:53)
	at objsets.TweetSetSuite.union$colon$u0020with$u0020empty$u0020set2(TweetSetSuite.scala:52)
	at sun.reflect.NativeMethodAccessorImpl.invoke0(Native Method)
	at sun.reflect.NativeMethodAccessorImpl.invoke(NativeMethodAccessorImpl.java:62)
	at sun.reflect.DelegatingMethodAccessorImpl.invoke(DelegatingMethodAccessorImpl.java:43)
	at java.lang.reflect.Method.invoke(Method.java:498)
	at org.junit.runners.model.FrameworkMethod$1.runReflectiveCall(FrameworkMethod.java:47)
	at org.junit.internal.runners.model.ReflectiveCallable.run(ReflectiveCallable.java:12)
	at org.junit.runners.model.FrameworkMethod.invokeExplosively(FrameworkMethod.java:44)
	at org.junit.internal.runners.statements.InvokeMethod.evaluate(InvokeMethod.java:17)
	at org.junit.internal.runners.statements.FailOnTimeout$StatementThread.run(FailOnTimeout.java:74)
</failure>
                                               </testcase><testcase classname="objsets.TweetSetSuite" name="filter: twenty on set5" time="0.005">
                                                 <failure message="scala.NotImplementedError: an implementation is missing" type="sbt.ForkMain$ForkError">sbt.ForkMain$ForkError: scala.NotImplementedError: an implementation is missing
	at scala.Predef$.$qmark$qmark$qmark(Predef.scala:347)
	at objsets.TweetSet.filter(TweetSet.scala:44)
	at objsets.TweetSetSuite$$anon$3.&lt;init&gt;(TweetSetSuite.scala:38)
	at objsets.TweetSetSuite.filter$colon$u0020twenty$u0020on$u0020set5(TweetSetSuite.scala:37)
	at sun.reflect.NativeMethodAccessorImpl.invoke0(Native Method)
	at sun.reflect.NativeMethodAccessorImpl.invoke(NativeMethodAccessorImpl.java:62)
	at sun.reflect.DelegatingMethodAccessorImpl.invoke(DelegatingMethodAccessorImpl.java:43)
	at java.lang.reflect.Method.invoke(Method.java:498)
	at org.junit.runners.model.FrameworkMethod$1.runReflectiveCall(FrameworkMethod.java:47)
	at org.junit.internal.runners.model.ReflectiveCallable.run(ReflectiveCallable.java:12)
	at org.junit.runners.model.FrameworkMethod.invokeExplosively(FrameworkMethod.java:44)
	at org.junit.internal.runners.statements.InvokeMethod.evaluate(InvokeMethod.java:17)
	at org.junit.internal.runners.statements.FailOnTimeout$StatementThread.run(FailOnTimeout.java:74)
</failure>
                                               </testcase>
                     <system-out><![CDATA[]]></system-out>
                     <system-err><![CDATA[]]></system-err>
                   </testsuite>