[debug] javaOptions: Vector()
[debug] Forking tests - parallelism = false
[debug] Create a single-thread test executor
[debug] Runner for com.novocode.junit.JUnitFramework produced 1 initial tasks for 1 tests.
[debug]   Running TaskDef(patmat.HuffmanSuite, sbt.ForkMain$AnnotatedFingerscan@583e0a4c, false, [SuiteSelector])
[info] Test run started
[info] Test patmat.HuffmanSuite.chars of a larger tree (10pts) started
[debug] Test patmat.HuffmanSuite.chars of a larger tree (10pts) finished, took 0.039 sec
[info] Test patmat.HuffmanSuite.weight of a larger tree (10pts) started
[debug] Test patmat.HuffmanSuite.weight of a larger tree (10pts) finished, took 0.001 sec
[info] Test patmat.HuffmanSuite.decode and encode a very short text should be identity (10pts) started
[debug] Test patmat.HuffmanSuite.decode and encode a very short text should be identity (10pts) finished, took 0.041 sec
[info] Test patmat.HuffmanSuite.string2chars hello world started
[debug] Test patmat.HuffmanSuite.string2chars hello world finished, took 0.001 sec
[info] Test patmat.HuffmanSuite.combine of some leaf list (15pts) started
[error] Test patmat.HuffmanSuite.combine of some leaf list (15pts) failed: java.lang.AssertionError: expected:<List(Fork(Leaf(e,1),Leaf(t,2),List(e, t),3), Leaf(x,4))> but was:<List(Fork(Leaf(e,1),Leaf(t,2),List(e),1), Leaf(x,4))>, took 0.001 sec
[error]     at patmat.HuffmanSuite.combine of some leaf list (15pts)(HuffmanSuite.scala:36)
[error]     ...
[debug] Test patmat.HuffmanSuite.combine of some leaf list (15pts) finished, took 0.002 sec
[info] Test patmat.HuffmanSuite.make ordered leaf list for some frequency table (15pts) started
[debug] Test patmat.HuffmanSuite.make ordered leaf list for some frequency table (15pts) finished, took 0.002 sec
[info] Test run finished: 1 failed, 0 ignored, 6 total, 0.119s
[debug]     Produced 0 nested tasks and 6 events.
[debug] Summary for JUnit not available.
[error] Failed: Total 6, Failed 1, Errors 0, Passed 5
[error] Failed tests:
[error] 	patmat.HuffmanSuite
[error] (Test / test) sbt.TestsFailedException: Tests unsuccessful
